<?xml version="1.0" encoding="UTF-8"?>
<!-- Generated by org.testng.reporters.JUnitXMLReporter -->
<testsuite hostname="DESKTOP-Q0UIBES" name="Test2" tests="2" failures="0" timestamp="2 Oct 2020 16:05:28 GMT" time="79.475" errors="0">
  <testcase name="verifyUserCanSeeAddToCartOnProductDetail" time="66.032" classname="com.sauceDemo.TestScripts.ProductAddTest"/>
  <testcase name="verifyCorrectProductGetsAddedToCart" time="0.16" classname="com.sauceDemo.TestScripts.ProductAddTest"/>
</testsuite> <!-- Test2 -->
