<?xml version="1.0" encoding="UTF-8"?>
<!-- Generated by org.testng.reporters.JUnitXMLReporter -->
<testsuite hostname="DESKTOP-Q0UIBES" name="Test2" tests="2" failures="0" timestamp="2 Oct 2020 13:14:37 GMT" time="8.837" errors="0">
  <testcase name="verifyUserCanSeeAddToCartOnProductDetail" time="1.991" classname="com.sauceDemo.TestScripts.ProductAddTest"/>
  <testcase name="verifyCorrectProductGetsAddedToCart" time="0.058" classname="com.sauceDemo.TestScripts.ProductAddTest"/>
</testsuite> <!-- Test2 -->
