<?xml version="1.0" encoding="UTF-8"?>
<!-- Generated by org.testng.reporters.JUnitXMLReporter -->
<testsuite hostname="DESKTOP-Q0UIBES" name="Test1" tests="4" failures="0" timestamp="2 Oct 2020 13:14:28 GMT" time="15.001" errors="0">
  <testcase name="verifyLockedOutUserLogin" time="0.726" classname="com.sauceDemo.TestScripts.LoginTest"/>
  <testcase name="verifyLoginShouldFailWithoutPassword" time="0.336" classname="com.sauceDemo.TestScripts.LoginTest"/>
  <testcase name="verifyUnableToLoginWithInvalidCredentials" time="0.395" classname="com.sauceDemo.TestScripts.LoginTest"/>
  <testcase name="vertifySuccessfullLogin" time="3.997" classname="com.sauceDemo.TestScripts.LoginTest"/>
</testsuite> <!-- Test1 -->
