<?xml version="1.0" encoding="UTF-8"?>
<!-- Generated by org.testng.reporters.JUnitXMLReporter -->
<testsuite hostname="DESKTOP-Q0UIBES" ignored="0" name="Test1" tests="4" failures="0" timestamp="02 Oct 2020 13:11:31 GMT" time="28.916" errors="0">
  <testcase name="verifyLockedOutUserLogin" time="2.152" classname="com.sauceDemo.TestScripts.LoginTest"/>
  <testcase name="verifyLoginShouldFailWithoutPassword" time="0.29" classname="com.sauceDemo.TestScripts.LoginTest"/>
  <testcase name="verifyUnableToLoginWithInvalidCredentials" time="0.377" classname="com.sauceDemo.TestScripts.LoginTest"/>
  <testcase name="vertifySuccessfullLogin" time="4.828" classname="com.sauceDemo.TestScripts.LoginTest"/>
</testsuite> <!-- Test1 -->
