<?xml version="1.0" encoding="UTF-8"?>
<!-- Generated by org.testng.reporters.JUnitXMLReporter -->
<testsuite hostname="DESKTOP-Q0UIBES" ignored="0" name="Test2" tests="2" failures="0" timestamp="04 Oct 2020 05:46:34 GMT" time="12.36" errors="0">
  <testcase name="verifyUserCanSeeAddToCartOnProductDetail" time="2.291" classname="com.sauceDemo.TestScripts.ProductAddTest"/>
  <testcase name="verifyCorrectProductGetsAddedToCart" time="0.059" classname="com.sauceDemo.TestScripts.ProductAddTest"/>
</testsuite> <!-- Test2 -->
