<?xml version="1.0" encoding="UTF-8"?>
<!-- Generated by org.testng.reporters.JUnitXMLReporter -->
<testsuite hostname="DESKTOP-Q0UIBES" ignored="0" name="Test2" tests="2" failures="0" timestamp="02 Oct 2020 13:11:44 GMT" time="12.581" errors="0">
  <testcase name="verifyUserCanSeeAddToCartOnProductDetail" time="5.312" classname="com.sauceDemo.TestScripts.ProductAddTest"/>
  <testcase name="verifyCorrectProductGetsAddedToCart" time="0.06" classname="com.sauceDemo.TestScripts.ProductAddTest"/>
</testsuite> <!-- Test2 -->
