<?xml version="1.0" encoding="UTF-8"?>
<testsuite xmlns:xsi="http://www.w3.org/2001/XMLSchema-instance" xsi:noNamespaceSchemaLocation="https://maven.apache.org/surefire/maven-surefire-plugin/xsd/surefire-test-report.xsd" name="TestSuite" time="42.906" tests="6" errors="0" skipped="0" failures="0">
  <properties>
[...]
</properties>
  <testcase name="verifyLockedOutUserLogin" classname="com.sauceDemo.TestScripts.LoginTest" time="2.153"/>
  <testcase name="verifyLoginShouldFailWithoutPassword" classname="com.sauceDemo.TestScripts.LoginTest" time="0.29"/>
  <testcase name="verifyUnableToLoginWithInvalidCredentials" classname="com.sauceDemo.TestScripts.LoginTest" time="0.378"/>
  <testcase name="vertifySuccessfullLogin" classname="com.sauceDemo.TestScripts.LoginTest" time="4.829"/>
  <testcase name="verifyUserCanSeeAddToCartOnProductDetail" classname="com.sauceDemo.TestScripts.ProductAddTest" time="5.314"/>
  <testcase name="verifyCorrectProductGetsAddedToCart" classname="com.sauceDemo.TestScripts.ProductAddTest" time="0.061"/>
</testsuite>