<?xml version="1.0" encoding="UTF-8"?>
<testng-results skipped="0" failed="0" total="6" passed="6">
  <reporter-output>
  </reporter-output>
  <suite name="Suite" duration-ms="23859" started-at="2020-10-02T13:14:13Z" finished-at="2020-10-02T13:14:37Z">
    <groups>
    </groups>
    <test name="Test1" duration-ms="15001" started-at="2020-10-02T13:14:13Z" finished-at="2020-10-02T13:14:28Z">
      <class name="com.sauceDemo.TestScripts.LoginTest">
        <test-method status="PASS" signature="setup()[pri:0, instance:com.sauceDemo.TestScripts.LoginTest@26653222]" name="setup" is-config="true" duration-ms="8770" started-at="2020-10-02T18:44:13Z" finished-at="2020-10-02T18:44:21Z">
          <reporter-output>
          </reporter-output>
        </test-method> <!-- setup -->
        <test-method status="PASS" signature="verifyLockedOutUserLogin()[pri:1, instance:com.sauceDemo.TestScripts.LoginTest@26653222]" name="verifyLockedOutUserLogin" duration-ms="726" started-at="2020-10-02T18:44:21Z" description="Verify user is unable to login with locked out user" finished-at="2020-10-02T18:44:22Z">
          <reporter-output>
          </reporter-output>
        </test-method> <!-- verifyLockedOutUserLogin -->
        <test-method status="PASS" signature="verifyLoginShouldFailWithoutPassword()[pri:2, instance:com.sauceDemo.TestScripts.LoginTest@26653222]" name="verifyLoginShouldFailWithoutPassword" duration-ms="336" started-at="2020-10-02T18:44:22Z" description="Verify user is unable to login when no pasword is given" finished-at="2020-10-02T18:44:23Z">
          <reporter-output>
          </reporter-output>
        </test-method> <!-- verifyLoginShouldFailWithoutPassword -->
        <test-method status="PASS" signature="verifyUnableToLoginWithInvalidCredentials()[pri:3, instance:com.sauceDemo.TestScripts.LoginTest@26653222]" name="verifyUnableToLoginWithInvalidCredentials" duration-ms="395" started-at="2020-10-02T18:44:23Z" description="Verify user is unable to login when username and password is invalid" finished-at="2020-10-02T18:44:23Z">
          <reporter-output>
          </reporter-output>
        </test-method> <!-- verifyUnableToLoginWithInvalidCredentials -->
        <test-method status="PASS" signature="vertifySuccessfullLogin()[pri:4, instance:com.sauceDemo.TestScripts.LoginTest@26653222]" name="vertifySuccessfullLogin" duration-ms="3997" started-at="2020-10-02T18:44:23Z" description="Verify user is able to log in with standard user" finished-at="2020-10-02T18:44:27Z">
          <reporter-output>
          </reporter-output>
        </test-method> <!-- vertifySuccessfullLogin -->
        <test-method status="PASS" signature="tearDown()[pri:0, instance:com.sauceDemo.TestScripts.LoginTest@26653222]" name="tearDown" is-config="true" duration-ms="740" started-at="2020-10-02T18:44:27Z" finished-at="2020-10-02T18:44:28Z">
          <reporter-output>
          </reporter-output>
        </test-method> <!-- tearDown -->
      </class> <!-- com.sauceDemo.TestScripts.LoginTest -->
    </test> <!-- Test1 -->
    <test name="Test2" duration-ms="8837" started-at="2020-10-02T13:14:28Z" finished-at="2020-10-02T13:14:37Z">
      <class name="com.sauceDemo.TestScripts.ProductAddTest">
        <test-method status="PASS" signature="setup()[pri:0, instance:com.sauceDemo.TestScripts.ProductAddTest@42e26948]" name="setup" is-config="true" duration-ms="6070" started-at="2020-10-02T18:44:28Z" finished-at="2020-10-02T18:44:34Z">
          <reporter-output>
          </reporter-output>
        </test-method> <!-- setup -->
        <test-method status="PASS" signature="verifyUserCanSeeAddToCartOnProductDetail()[pri:1, instance:com.sauceDemo.TestScripts.ProductAddTest@42e26948]" name="verifyUserCanSeeAddToCartOnProductDetail" duration-ms="1991" started-at="2020-10-02T18:44:34Z" finished-at="2020-10-02T18:44:36Z">
          <reporter-output>
          </reporter-output>
        </test-method> <!-- verifyUserCanSeeAddToCartOnProductDetail -->
        <test-method status="PASS" signature="verifyCorrectProductGetsAddedToCart()[pri:2, instance:com.sauceDemo.TestScripts.ProductAddTest@42e26948]" name="verifyCorrectProductGetsAddedToCart" duration-ms="58" started-at="2020-10-02T18:44:36Z" finished-at="2020-10-02T18:44:36Z">
          <reporter-output>
          </reporter-output>
        </test-method> <!-- verifyCorrectProductGetsAddedToCart -->
        <test-method status="PASS" signature="tearDown()[pri:0, instance:com.sauceDemo.TestScripts.ProductAddTest@42e26948]" name="tearDown" is-config="true" duration-ms="710" started-at="2020-10-02T18:44:36Z" finished-at="2020-10-02T18:44:37Z">
          <reporter-output>
          </reporter-output>
        </test-method> <!-- tearDown -->
      </class> <!-- com.sauceDemo.TestScripts.ProductAddTest -->
    </test> <!-- Test2 -->
  </suite> <!-- Suite -->
</testng-results>
